**** Incremental Build [Fri, 12 Jul 2019 16:35:44] ****
 Project: Task5
 Configuration: hifi3_bd5
 Build Target: Release
********************************

"C:\\usr\\xtensa\\XtDevTools\\install\\tools\\RI-2019.1-win32\\XtensaTools\\bin\\xt-xcc" -c -g -O2 -fmessage-length=0 -DPROC_hifi3_bd5 -DCONFIG_hifi3_bd5 --xtensa-system=C:/usr/xtensa/XtDevTools/install/builds/RI-2019.1-win32/hifi3_bd5/config --xtensa-core=hifi3_bd5 --xtensa-params= "\"C:/usr/xtensa/Xplorer-8.0.10-workspaces/workspace/Task5/main.c\"" -o "\"C:/usr/xtensa/Xplorer-8.0.10-workspaces/workspace/Task5/bin/hifi3_bd5/Release/main.o\"" 
Time taken: 1956 ms 

"C:\\usr\\xtensa\\XtDevTools\\install\\tools\\RI-2019.1-win32\\XtensaTools\\bin\\xt-xc++" -Wl,@C:/usr/xtensa/Xplorer-8.0.10-workspaces/workspace/Task5/bin/hifi3_bd5/Release/objfiles.list -o C:/usr/xtensa/Xplorer-8.0.10-workspaces/workspace/Task5/bin/hifi3_bd5/Release/Task5.minsize -mlsp=sim -Wl,-r -nostdlib --xtensa-system=C:/usr/xtensa/XtDevTools/install/builds/RI-2019.1-win32/hifi3_bd5/config --xtensa-core=hifi3_bd5 --xtensa-params= 
Time taken: 415 ms 

"C:\\usr\\xtensa\\XtDevTools\\install\\tools\\RI-2019.1-win32\\XtensaTools\\bin\\xt-xc++" -Wl,@C:/usr/xtensa/Xplorer-8.0.10-workspaces/workspace/Task5/bin/hifi3_bd5/Release/objfiles.list -o C:/usr/xtensa/Xplorer-8.0.10-workspaces/workspace/Task5/bin/hifi3_bd5/Release/Task5 -mlsp=sim --xtensa-system=C:/usr/xtensa/XtDevTools/install/builds/RI-2019.1-win32/hifi3_bd5/config --xtensa-core=hifi3_bd5 --xtensa-params= 
Time taken: 587 ms 

******* Code size summary *****

"C:\\usr\\xtensa\\XtDevTools\\install\\tools\\RI-2019.1-win32\\XtensaTools\\bin\\xt-size" -C C:/usr/xtensa/Xplorer-8.0.10-workspaces/workspace/Task5/bin/hifi3_bd5/Release/Task5 
TYPE   	   text	 rodata	   data	    bss	    dec    hex	filename
code   	  25651	      0	      0	      0	  25651	   6433	C:/usr/xtensa/Xplorer-8.0.10-workspaces/workspace/Task5/bin/hifi3_bd5/Release/Task5
literal	    760	      0	      0	      0	    760	    2f8	C:/usr/xtensa/Xplorer-8.0.10-workspaces/workspace/Task5/bin/hifi3_bd5/Release/Task5
other  	    937	   1988	    904	   5144	   8973	   230d	C:/usr/xtensa/Xplorer-8.0.10-workspaces/workspace/Task5/bin/hifi3_bd5/Release/Task5
Total  	  27348	   1988	    904	   5144	  35384	   8a38	C:/usr/xtensa/Xplorer-8.0.10-workspaces/workspace/Task5/bin/hifi3_bd5/Release/Task5

Time taken: 257 ms 

******* ************** *****

Build successful !!
Total time taken: 3.328 secs
**** Build Finished [Fri, 12 Jul 2019 16:35:48] ****
